<?xml version="1.0" encoding="UTF-8"?>
<!-- Generated by org.testng.reporters.JUnitXMLReporter -->
<testsuite hostname="DESKTOP-4V5C62G" name="Testing for case forward message to a group" tests="2" failures="0" timestamp="12 Dec 2016 08:45:22 GMT" time="13.835" errors="0">
  <testcase name="@BeforeTest device01SendMessageToDevice02" time="0.0" classname="TestCases.TestForwardMessageToGroup">
    <failure type="java.lang.IllegalArgumentException" message="Cannot find elements when name text is null.">
      <![CDATA[java.lang.IllegalArgumentException: Cannot find elements when name text is null.
	at org.openqa.selenium.By.name(By.java:89)
	at Screens.ContactsSrceen.selectAccountNameToTest(ContactsSrceen.java:28)
	at TestCases.TestForwardMessageToGroup.sendMessage(TestForwardMessageToGroup.java:252)
	at TestCases.TestForwardMessageToGroup.device01SendMessageToDevice02(TestForwardMessageToGroup.java:93)
... Removed 22 stack frames]]>
    </failure>
  </testcase> <!-- @BeforeTest device01SendMessageToDevice02 -->
  <testcase name="@AfterGroups openAppOnDevice01ToCheckIfGroupReceiveForwardMessage" time="0.0" classname="TestCases.TestForwardMessageToGroup">
    <skipped/>
  </testcase> <!-- @AfterGroups openAppOnDevice01ToCheckIfGroupReceiveForwardMessage -->
  <testcase name="forwardShortMessageToAnGroup" time="0.001" classname="TestCases.TestForwardMessageToGroup">
    <skipped/>
  </testcase> <!-- forwardShortMessageToAnGroup -->
  <testcase name="checkIfGroupReceiveForwardMessageSuccessfully" time="0.001" classname="TestCases.TestForwardMessageToGroup">
    <skipped/>
  </testcase> <!-- checkIfGroupReceiveForwardMessageSuccessfully -->
</testsuite> <!-- Testing for case forward message to a group -->
